MediaLib/build/outputs/logs/manifest-merger-release-report.txt
-- Merging decision tree log ---
manifest
ADDED from src\main\AndroidManifest.xml:2:1-5:12
INJECTED from src\main\AndroidManifest.xml:2:1-5:12
INJECTED from src\main\AndroidManifest.xml:2:1-5:12
INJECTED from src\main\AndroidManifest.xml:2:1-5:12
INJECTED from src\main\AndroidManifest.xml:2:1-5:12
INJECTED from src\main\AndroidManifest.xml:2:1-5:12
INJECTED from src\main\AndroidManifest.xml:2:1-5:12
	package
		ADDED from src\main\AndroidManifest.xml:2:11-53
		INJECTED from src\main\AndroidManifest.xml
		INJECTED from src\main\AndroidManifest.xml
	android:versionName
		INJECTED from src\main\AndroidManifest.xml
		ADDED from src\main\AndroidManifest.xml:2:1-5:12
		INJECTED from src\main\AndroidManifest.xml
	android:versionCode
		INJECTED from src\main\AndroidManifest.xml
		ADDED from src\main\AndroidManifest.xml:2:1-5:12
		INJECTED from src\main\AndroidManifest.xml
uses-sdk
ADDED from src\main\AndroidManifest.xml:3:5-16
INJECTED from src\main\AndroidManifest.xml:3:5-16
INJECTED from src\main\AndroidManifest.xml:3:5-16
INJECTED from src\main\AndroidManifest.xml:3:5-16
INJECTED from src\main\AndroidManifest.xml:3:5-16
	android:targetSdkVersion
		INJECTED from src\main\AndroidManifest.xml
		ADDED from src\main\AndroidManifest.xml:3:5-16
		INJECTED from src\main\AndroidManifest.xml
	android:minSdkVersion
		INJECTED from src\main\AndroidManifest.xml
		ADDED from src\main\AndroidManifest.xml:3:5-16
		INJECTED from src\main\AndroidManifest.xml
application
ADDED from src\main\AndroidManifest.xml:4:5-20